<?xml version="1.0" encoding="UTF-8"?>
<TestRun id="f1273da8-3969-420e-8ed1-61868cae311e" name="bernard@NEC 2011-06-25 11:39:35" runUser="nec\bernard" xmlns="http://microsoft.com/schemas/VisualStudio/TeamTest/2010">
  <TestSettings name="Local" id="c60156b2-9d72-4782-abb7-15b3962b81d9">
    <Description>These are default test settings for a local test run.</Description>
    <Deployment enabled="false" runDeploymentRoot="bernard_NEC 2011-06-25 11_39_35">
      <DeploymentItem filename="D:\WebApps\SimpleList\Infostructure.SimpleList.BusinessLogic\bin\Debug\Infostructure.SimpleList.BusinessLogic.dll" />
      <DeploymentItem filename="D:\WebApps\SimpleList\Infostructure.SimpleList.DataAccess\bin\Debug\Infostructure.SimpleList.DataAccess.dll" />
      <DeploymentItem filename="D:\WebApps\SimpleList\Infostructure.SimpleList.Utilities\bin\Debug\Infostructure.SimpleList.Utilities.dll" />
    </Deployment>
    <Execution>
      <TestTypeSpecific />
      <AgentRule name="Execution Agents">
      </AgentRule>
    </Execution>
  </TestSettings>
  <Times creation="2011-06-25T11:39:35.7160925+12:00" queuing="2011-06-25T11:39:37.0363205+12:00" start="2011-06-25T11:39:37.1798660+12:00" finish="2011-06-25T11:39:46.3755665+12:00" />
  <ResultSummary outcome="Error">
    <Counters total="1" executed="1" error="0" failed="0" timeout="0" aborted="1" inconclusive="0" passedButRunAborted="0" notRunnable="0" notExecuted="0" disconnected="0" warning="0" passed="0" completed="0" inProgress="0" pending="0" />
    <RunInfos>
      <RunInfo computerName="NEC" outcome="Error" timestamp="2011-06-25T11:39:46.3745900+12:00">
        <Text>Test host process exited unexpectedly.</Text>
      </RunInfo>
    </RunInfos>
  </ResultSummary>
  <TestDefinitions>
    <UnitTest name="GetUserByUserNameAndPasswordTest" storage="d:\webapps\simplelist\infostructure.simplelist.businesslogic.tests\bin\debug\infostructure.simplelist.businesslogic.tests.dll" id="ce9f0019-0232-073d-f38c-8ff2eb1791ba">
      <Execution id="85667af4-8f79-482e-831f-ca7e7464ff56" />
      <TestMethod codeBase="D:/WebApps/SimpleList/Infostructure.SimpleList.BusinessLogic.Tests/bin/Debug/Infostructure.SimpleList.BusinessLogic.Tests.DLL" adapterTypeName="Microsoft.VisualStudio.TestTools.TestTypes.Unit.UnitTestAdapter, Microsoft.VisualStudio.QualityTools.Tips.UnitTest.Adapter, Version=10.0.0.0, Culture=neutral, PublicKeyToken=b03f5f7f11d50a3a" className="Infostructure.SimpleList.BusinessLogic.Tests.UserRepositoryTest, Infostructure.SimpleList.BusinessLogic.Tests, Version=1.0.0.0, Culture=neutral, PublicKeyToken=null" name="GetUserByUserNameAndPasswordTest" />
    </UnitTest>
  </TestDefinitions>
  <TestLists>
    <TestList name="Results Not in a List" id="8c84fa94-04c1-424b-9868-57a2d4851a1d" />
    <TestList name="All Loaded Results" id="19431567-8539-422a-85d7-44ee4e166bda" />
  </TestLists>
  <TestEntries>
    <TestEntry testId="ce9f0019-0232-073d-f38c-8ff2eb1791ba" executionId="85667af4-8f79-482e-831f-ca7e7464ff56" testListId="8c84fa94-04c1-424b-9868-57a2d4851a1d" />
  </TestEntries>
  <Results>
    <UnitTestResult executionId="85667af4-8f79-482e-831f-ca7e7464ff56" testId="ce9f0019-0232-073d-f38c-8ff2eb1791ba" testName="GetUserByUserNameAndPasswordTest" computerName="NEC" duration="00:00:09.0336015" startTime="2011-06-25T11:39:37.3419650+12:00" endTime="2011-06-25T11:39:46.3755665+12:00" testType="13cdc9d9-ddb5-4fa4-a97d-d965ccfc6d4b" outcome="Aborted" testListId="8c84fa94-04c1-424b-9868-57a2d4851a1d" relativeResultsDirectory="85667af4-8f79-482e-831f-ca7e7464ff56">
    </UnitTestResult>
  </Results>
</TestRun>