<?xml version="1.0" encoding="UTF-8"?>
<TestRun id="3a365c25-dcc2-41e7-b4e1-e1ad9b738efe" name="bernard@NEC 2011-06-22 22:29:05" runUser="nec\bernard" xmlns="http://microsoft.com/schemas/VisualStudio/TeamTest/2010">
  <TestSettings name="Local" id="c60156b2-9d72-4782-abb7-15b3962b81d9">
    <Description>These are default test settings for a local test run.</Description>
    <Deployment enabled="false" runDeploymentRoot="bernard_NEC 2011-06-22 22_29_05">
      <DeploymentItem filename="D:\WebApps\SimpleList\Infostructure.SimpleList.BusinessLogic\bin\Debug\Infostructure.SimpleList.BusinessLogic.dll" />
      <DeploymentItem filename="D:\WebApps\SimpleList\Infostructure.SimpleList.DataAccess\bin\Debug\Infostructure.SimpleList.DataAccess.dll" />
      <DeploymentItem filename="D:\WebApps\SimpleList\Infostructure.SimpleList.Utilities\bin\Debug\Infostructure.SimpleList.Utilities.dll" />
    </Deployment>
    <Execution>
      <TestTypeSpecific />
      <AgentRule name="Execution Agents">
      </AgentRule>
    </Execution>
  </TestSettings>
  <Times creation="2011-06-22T22:29:05.7949180+12:00" queuing="2011-06-22T22:29:07.2743155+12:00" start="2011-06-22T22:29:07.4159080+12:00" finish="2011-06-22T22:29:22.1991415+12:00" />
  <ResultSummary outcome="Error">
    <Counters total="1" executed="1" error="0" failed="0" timeout="0" aborted="1" inconclusive="0" passedButRunAborted="0" notRunnable="0" notExecuted="0" disconnected="0" warning="0" passed="0" completed="0" inProgress="0" pending="0" />
    <RunInfos>
      <RunInfo computerName="NEC" outcome="Error" timestamp="2011-06-22T22:29:22.1981650+12:00">
        <Text>Test host process exited unexpectedly.</Text>
      </RunInfo>
    </RunInfos>
  </ResultSummary>
  <TestDefinitions>
    <UnitTest name="GetUserByUserNameAndPasswordTest" storage="d:\webapps\simplelist\infostructure.simplelist.dataaccess.tests\bin\debug\infostructure.simplelist.dataaccess.tests.dll" id="b7350004-cf72-eac4-7eca-d4355f26d33b">
      <Execution id="1129ab65-01da-4912-ae52-63dd1f6829ff" />
      <TestMethod codeBase="D:/WebApps/SimpleList/Infostructure.SimpleList.DataAccess.Tests/bin/Debug/Infostructure.SimpleList.DataAccess.Tests.DLL" adapterTypeName="Microsoft.VisualStudio.TestTools.TestTypes.Unit.UnitTestAdapter, Microsoft.VisualStudio.QualityTools.Tips.UnitTest.Adapter, Version=10.0.0.0, Culture=neutral, PublicKeyToken=b03f5f7f11d50a3a" className="Infostructure.SimpleList.DataAccess.Tests.UserRepositoryTest, Infostructure.SimpleList.DataAccess.Tests, Version=1.0.0.0, Culture=neutral, PublicKeyToken=null" name="GetUserByUserNameAndPasswordTest" />
    </UnitTest>
  </TestDefinitions>
  <TestLists>
    <TestList name="Results Not in a List" id="8c84fa94-04c1-424b-9868-57a2d4851a1d" />
    <TestList name="All Loaded Results" id="19431567-8539-422a-85d7-44ee4e166bda" />
  </TestLists>
  <TestEntries>
    <TestEntry testId="b7350004-cf72-eac4-7eca-d4355f26d33b" executionId="1129ab65-01da-4912-ae52-63dd1f6829ff" testListId="8c84fa94-04c1-424b-9868-57a2d4851a1d" />
  </TestEntries>
  <Results>
    <UnitTestResult executionId="1129ab65-01da-4912-ae52-63dd1f6829ff" testId="b7350004-cf72-eac4-7eca-d4355f26d33b" testName="GetUserByUserNameAndPasswordTest" computerName="NEC" duration="00:00:14.6504295" startTime="2011-06-22T22:29:07.5487120+12:00" endTime="2011-06-22T22:29:22.1991415+12:00" testType="13cdc9d9-ddb5-4fa4-a97d-d965ccfc6d4b" outcome="Aborted" testListId="8c84fa94-04c1-424b-9868-57a2d4851a1d" relativeResultsDirectory="1129ab65-01da-4912-ae52-63dd1f6829ff">
    </UnitTestResult>
  </Results>
</TestRun>