<?xml version="1.0" encoding="UTF-8"?>
<TestRun id="ddc8a376-c8f8-4f72-a176-059bc862d55e" name="bernard@NEC 2011-06-25 11:49:17" runUser="nec\bernard" xmlns="http://microsoft.com/schemas/VisualStudio/TeamTest/2010">
  <TestSettings name="Local" id="c60156b2-9d72-4782-abb7-15b3962b81d9">
    <Description>These are default test settings for a local test run.</Description>
    <Deployment enabled="false" runDeploymentRoot="bernard_NEC 2011-06-25 11_49_17">
      <DeploymentItem filename="D:\WebApps\SimpleList\Infostructure.SimpleList.Web\bin\Infostructure.SimpleList.Web.dll" />
    </Deployment>
    <Execution>
      <TestTypeSpecific />
      <AgentRule name="Execution Agents">
      </AgentRule>
    </Execution>
  </TestSettings>
  <Times creation="2011-06-25T11:49:17.4044480+12:00" queuing="2011-06-25T11:49:19.0664510+12:00" start="2011-06-25T11:49:19.2236675+12:00" finish="2011-06-25T11:50:52.6913180+12:00" />
  <ResultSummary outcome="Completed">
    <Counters total="1" executed="1" passed="1" error="0" failed="0" timeout="0" aborted="0" inconclusive="0" passedButRunAborted="0" notRunnable="0" notExecuted="0" disconnected="0" warning="0" completed="0" inProgress="0" pending="0" />
  </ResultSummary>
  <TestDefinitions>
    <UnitTest name="Register_Post_ReturnsRedirectOnSuccess" storage="d:\webapps\simplelist\infostructure.simplelist.web.tests\bin\debug\infostructure.simplelist.web.tests.dll" id="de902ee7-27b7-68b1-05ea-9025e90f8025">
      <Execution id="9604e868-69a7-4ca2-b42e-ebe2709450f8" />
      <TestMethod codeBase="D:/WebApps/SimpleList/Infostructure.SimpleList.Web.Tests/bin/Debug/Infostructure.SimpleList.Web.Tests.DLL" adapterTypeName="Microsoft.VisualStudio.TestTools.TestTypes.Unit.UnitTestAdapter, Microsoft.VisualStudio.QualityTools.Tips.UnitTest.Adapter, Version=10.0.0.0, Culture=neutral, PublicKeyToken=b03f5f7f11d50a3a" className="Infostructure.SimpleList.Web.Tests.Controllers.AccountControllerTest, Infostructure.SimpleList.Web.Tests, Version=1.0.0.0, Culture=neutral, PublicKeyToken=null" name="Register_Post_ReturnsRedirectOnSuccess" />
    </UnitTest>
  </TestDefinitions>
  <TestLists>
    <TestList name="Results Not in a List" id="8c84fa94-04c1-424b-9868-57a2d4851a1d" />
    <TestList name="All Loaded Results" id="19431567-8539-422a-85d7-44ee4e166bda" />
  </TestLists>
  <TestEntries>
    <TestEntry testId="de902ee7-27b7-68b1-05ea-9025e90f8025" executionId="9604e868-69a7-4ca2-b42e-ebe2709450f8" testListId="8c84fa94-04c1-424b-9868-57a2d4851a1d" />
  </TestEntries>
  <Results>
    <UnitTestResult executionId="9604e868-69a7-4ca2-b42e-ebe2709450f8" testId="de902ee7-27b7-68b1-05ea-9025e90f8025" testName="Register_Post_ReturnsRedirectOnSuccess" computerName="NEC" duration="00:01:32.1823125" startTime="2011-06-25T11:49:19.3926020+12:00" endTime="2011-06-25T11:50:52.5682790+12:00" testType="13cdc9d9-ddb5-4fa4-a97d-d965ccfc6d4b" outcome="Passed" testListId="8c84fa94-04c1-424b-9868-57a2d4851a1d" relativeResultsDirectory="9604e868-69a7-4ca2-b42e-ebe2709450f8">
    </UnitTestResult>
  </Results>
</TestRun>