<?xml version="1.0" encoding="UTF-8"?>
<TestRun id="7e88b65b-9344-49af-8fd4-d2bbfe267a22" name="bernard@NEC 2011-06-25 11:40:14" runUser="nec\bernard" xmlns="http://microsoft.com/schemas/VisualStudio/TeamTest/2010">
  <TestSettings name="Local" id="c60156b2-9d72-4782-abb7-15b3962b81d9">
    <Description>These are default test settings for a local test run.</Description>
    <Deployment enabled="false" runDeploymentRoot="bernard_NEC 2011-06-25 11_40_14">
      <DeploymentItem filename="D:\WebApps\SimpleList\Infostructure.SimpleList.BusinessLogic\bin\Debug\Infostructure.SimpleList.BusinessLogic.dll" />
      <DeploymentItem filename="D:\WebApps\SimpleList\Infostructure.SimpleList.DataAccess\bin\Debug\Infostructure.SimpleList.DataAccess.dll" />
      <DeploymentItem filename="D:\WebApps\SimpleList\Infostructure.SimpleList.Utilities\bin\Debug\Infostructure.SimpleList.Utilities.dll" />
    </Deployment>
    <Execution>
      <TestTypeSpecific />
      <AgentRule name="Execution Agents">
      </AgentRule>
    </Execution>
  </TestSettings>
  <Times creation="2011-06-25T11:40:14.0251640+12:00" queuing="2011-06-25T11:40:15.6080705+12:00" start="2011-06-25T11:40:15.7525925+12:00" finish="2011-06-25T11:40:26.7167345+12:00" />
  <ResultSummary outcome="Error">
    <Counters total="1" executed="1" error="0" failed="0" timeout="0" aborted="1" inconclusive="0" passedButRunAborted="0" notRunnable="0" notExecuted="0" disconnected="0" warning="0" passed="0" completed="0" inProgress="0" pending="0" />
    <RunInfos>
      <RunInfo computerName="NEC" outcome="Error" timestamp="2011-06-25T11:40:26.7157580+12:00">
        <Text>Test host process exited unexpectedly.</Text>
      </RunInfo>
    </RunInfos>
  </ResultSummary>
  <TestDefinitions>
    <UnitTest name="GetUserByUserNameAndPasswordTest" storage="d:\webapps\simplelist\infostructure.simplelist.businesslogic.tests\bin\debug\infostructure.simplelist.businesslogic.tests.dll" id="ce9f0019-0232-073d-f38c-8ff2eb1791ba">
      <Execution id="3da99841-df27-47d4-90a3-81034d2f759c" />
      <TestMethod codeBase="D:/WebApps/SimpleList/Infostructure.SimpleList.BusinessLogic.Tests/bin/Debug/Infostructure.SimpleList.BusinessLogic.Tests.DLL" adapterTypeName="Microsoft.VisualStudio.TestTools.TestTypes.Unit.UnitTestAdapter, Microsoft.VisualStudio.QualityTools.Tips.UnitTest.Adapter, Version=10.0.0.0, Culture=neutral, PublicKeyToken=b03f5f7f11d50a3a" className="Infostructure.SimpleList.BusinessLogic.Tests.UserRepositoryTest, Infostructure.SimpleList.BusinessLogic.Tests, Version=1.0.0.0, Culture=neutral, PublicKeyToken=null" name="GetUserByUserNameAndPasswordTest" />
    </UnitTest>
  </TestDefinitions>
  <TestLists>
    <TestList name="Results Not in a List" id="8c84fa94-04c1-424b-9868-57a2d4851a1d" />
    <TestList name="All Loaded Results" id="19431567-8539-422a-85d7-44ee4e166bda" />
  </TestLists>
  <TestEntries>
    <TestEntry testId="ce9f0019-0232-073d-f38c-8ff2eb1791ba" executionId="3da99841-df27-47d4-90a3-81034d2f759c" testListId="8c84fa94-04c1-424b-9868-57a2d4851a1d" />
  </TestEntries>
  <Results>
    <UnitTestResult executionId="3da99841-df27-47d4-90a3-81034d2f759c" testId="ce9f0019-0232-073d-f38c-8ff2eb1791ba" testName="GetUserByUserNameAndPasswordTest" computerName="NEC" duration="00:00:10.8284085" startTime="2011-06-25T11:40:15.8883260+12:00" endTime="2011-06-25T11:40:26.7167345+12:00" testType="13cdc9d9-ddb5-4fa4-a97d-d965ccfc6d4b" outcome="Aborted" testListId="8c84fa94-04c1-424b-9868-57a2d4851a1d" relativeResultsDirectory="3da99841-df27-47d4-90a3-81034d2f759c">
    </UnitTestResult>
  </Results>
</TestRun>