<?xml version="1.0" encoding="UTF-8"?>
<TestRun id="5d478b2a-56a9-43a2-bb56-b4fdb80744f1" name="bernard@NEC 2011-06-22 22:33:27" runUser="nec\bernard" xmlns="http://microsoft.com/schemas/VisualStudio/TeamTest/2010">
  <TestSettings name="Local" id="c60156b2-9d72-4782-abb7-15b3962b81d9">
    <Description>These are default test settings for a local test run.</Description>
    <Deployment enabled="false" runDeploymentRoot="bernard_NEC 2011-06-22 22_33_27">
      <DeploymentItem filename="D:\WebApps\SimpleList\Infostructure.SimpleList.BusinessLogic\bin\Debug\Infostructure.SimpleList.BusinessLogic.dll" />
      <DeploymentItem filename="D:\WebApps\SimpleList\Infostructure.SimpleList.DataAccess\bin\Debug\Infostructure.SimpleList.DataAccess.dll" />
      <DeploymentItem filename="D:\WebApps\SimpleList\Infostructure.SimpleList.Utilities\bin\Debug\Infostructure.SimpleList.Utilities.dll" />
    </Deployment>
    <Execution>
      <TestTypeSpecific />
      <AgentRule name="Execution Agents">
      </AgentRule>
    </Execution>
  </TestSettings>
  <Times creation="2011-06-22T22:33:27.1824850+12:00" queuing="2011-06-22T22:33:28.6921540+12:00" start="2011-06-22T22:33:28.8532765+12:00" finish="2011-06-22T22:33:46.8365005+12:00" />
  <ResultSummary outcome="Failed">
    <Counters total="1" executed="1" error="0" failed="1" timeout="0" aborted="0" inconclusive="0" passedButRunAborted="0" notRunnable="0" notExecuted="0" disconnected="0" warning="0" passed="0" completed="0" inProgress="0" pending="0" />
  </ResultSummary>
  <TestDefinitions>
    <UnitTest name="GetUserByUserNameAndPasswordTest" storage="d:\webapps\simplelist\infostructure.simplelist.dataaccess.tests\bin\debug\infostructure.simplelist.dataaccess.tests.dll" id="b7350004-cf72-eac4-7eca-d4355f26d33b">
      <Execution id="e6fccf05-6428-492c-b419-92b51c23c5bb" />
      <TestMethod codeBase="D:/WebApps/SimpleList/Infostructure.SimpleList.DataAccess.Tests/bin/Debug/Infostructure.SimpleList.DataAccess.Tests.DLL" adapterTypeName="Microsoft.VisualStudio.TestTools.TestTypes.Unit.UnitTestAdapter, Microsoft.VisualStudio.QualityTools.Tips.UnitTest.Adapter, Version=10.0.0.0, Culture=neutral, PublicKeyToken=b03f5f7f11d50a3a" className="Infostructure.SimpleList.DataAccess.Tests.UserRepositoryTest, Infostructure.SimpleList.DataAccess.Tests, Version=1.0.0.0, Culture=neutral, PublicKeyToken=null" name="GetUserByUserNameAndPasswordTest" />
    </UnitTest>
  </TestDefinitions>
  <TestLists>
    <TestList name="Results Not in a List" id="8c84fa94-04c1-424b-9868-57a2d4851a1d" />
    <TestList name="All Loaded Results" id="19431567-8539-422a-85d7-44ee4e166bda" />
  </TestLists>
  <TestEntries>
    <TestEntry testId="b7350004-cf72-eac4-7eca-d4355f26d33b" executionId="e6fccf05-6428-492c-b419-92b51c23c5bb" testListId="8c84fa94-04c1-424b-9868-57a2d4851a1d" />
  </TestEntries>
  <Results>
    <UnitTestResult executionId="e6fccf05-6428-492c-b419-92b51c23c5bb" testId="b7350004-cf72-eac4-7eca-d4355f26d33b" testName="GetUserByUserNameAndPasswordTest" computerName="NEC" duration="00:00:16.7521861" startTime="2011-06-22T22:33:28.9890100+12:00" endTime="2011-06-22T22:33:46.3277440+12:00" testType="13cdc9d9-ddb5-4fa4-a97d-d965ccfc6d4b" outcome="Failed" testListId="8c84fa94-04c1-424b-9868-57a2d4851a1d" relativeResultsDirectory="e6fccf05-6428-492c-b419-92b51c23c5bb">
      <Output>
        <ErrorInfo>
          <Message>Test method Infostructure.SimpleList.DataAccess.Tests.UserRepositoryTest.GetUserByUserNameAndPasswordTest threw exception: 
System.ArgumentException: The specified named connection is either not found in the configuration, not intended to be used with the EntityClient provider, or not valid.</Message>
          <StackTrace>    at System.Data.EntityClient.EntityConnection.ChangeConnectionString(String newConnectionString)
   at System.Data.EntityClient.EntityConnection..ctor(String connectionString)
   at System.Data.Objects.ObjectContext.CreateEntityConnection(String connectionString)
   at System.Data.Objects.ObjectContext..ctor(String connectionString, String defaultContainerName)
   at Infostructure.SimpleList.DataAccess.SimpleListEntities..ctor() in D:\WebApps\SimpleList\Infostructure.SimpleList.DataAccess\DataAccessEntities.cs:line 12
   at Infostructure.SimpleList.BusinessLogic.Repositories.UserRepository..ctor() in D:\WebApps\SimpleList\Infostructure.SimpleList.BusinessLogic\Repositories\UserRepository.cs:line 12
   at Infostructure.SimpleList.DataAccess.Tests.UserRepositoryTest.GetUserByUserNameAndPasswordTest()
</StackTrace>
        </ErrorInfo>
      </Output>
    </UnitTestResult>
  </Results>
</TestRun>